<?xml version="1.0" encoding="UTF-8"?>
<testng-results ignored="0" total="1" passed="1" failed="0" skipped="0">
  <reporter-output>
  </reporter-output>
  <suite started-at="2023-08-20T08:46:05 ICT" name="Default suite" finished-at="2023-08-20T08:46:28 ICT" duration-ms="22414">
    <groups>
    </groups>
    <test started-at="2023-08-20T08:46:05 ICT" name="Default test" finished-at="2023-08-20T08:46:28 ICT" duration-ms="22414">
      <class name="automation.testsuite.LoginTest2">
        <test-method is-config="true" signature="openPage()[pri:0, instance:automation.testsuite.LoginTest2@480d3575]" started-at="2023-08-20T08:46:05 ICT" name="openPage" finished-at="2023-08-20T08:46:20 ICT" duration-ms="14320" status="PASS">
          <reporter-output>
          </reporter-output>
        </test-method> <!-- openPage -->
        <test-method signature="logoutSuccessfuly()[pri:0, instance:automation.testsuite.LoginTest2@480d3575]" started-at="2023-08-20T08:46:20 ICT" name="logoutSuccessfuly" finished-at="2023-08-20T08:46:28 ICT" duration-ms="8041" status="PASS">
          <reporter-output>
          </reporter-output>
        </test-method> <!-- logoutSuccessfuly -->
      </class> <!-- automation.testsuite.LoginTest2 -->
    </test> <!-- Default test -->
  </suite> <!-- Default suite -->
</testng-results>
